<?xml version="1.0" encoding="UTF-8"?>
<testng-results ignored="0" total="1" passed="1" failed="0" skipped="0">
  <reporter-output>
  </reporter-output>
  <suite started-at="2021-04-22T14:06:24 PDT" name="Default suite" finished-at="2021-04-22T14:06:42 PDT" duration-ms="18377">
    <groups>
    </groups>
    <test started-at="2021-04-22T14:06:24 PDT" name="Default test" finished-at="2021-04-22T14:06:42 PDT" duration-ms="18377">
      <class name="Tests.Checkouttest">
        <test-method is-config="true" signature="Startdriver()[pri:0, instance:Tests.Checkouttest@18d87d80]" started-at="2021-04-22T14:06:11 PDT" name="Startdriver" finished-at="2021-04-22T14:06:24 PDT" duration-ms="13054" status="PASS">
          <reporter-output>
          </reporter-output>
        </test-method> <!-- Startdriver -->
        <test-method signature="chooseanyproduct()[pri:0, instance:Tests.Checkouttest@18d87d80]" started-at="2021-04-22T14:06:24 PDT" name="chooseanyproduct" finished-at="2021-04-22T14:06:42 PDT" duration-ms="18339" status="PASS">
          <reporter-output>
          </reporter-output>
        </test-method> <!-- chooseanyproduct -->
        <test-method is-config="true" signature="Stopdriver()[pri:0, instance:Tests.Checkouttest@18d87d80]" started-at="2021-04-22T14:06:42 PDT" name="Stopdriver" finished-at="2021-04-22T14:06:43 PDT" duration-ms="705" status="PASS">
          <reporter-output>
          </reporter-output>
        </test-method> <!-- Stopdriver -->
      </class> <!-- Tests.Checkouttest -->
    </test> <!-- Default test -->
  </suite> <!-- Default suite -->
</testng-results>
